<?xml version="1.0" encoding="UTF-8"?>
<!-- Generated by org.testng.reporters.JUnitXMLReporter -->
<testsuite ignored="0" hostname="DESKTOP-F4KI7VV" failures="0" tests="20" name="Test" time="0.755" errors="0" timestamp="2023-01-04T16:18:15 IST">
  <testcase classname="testNg.DependsonMethods" name="login" time="0.021"/>
  <testcase classname="testNg.DependsonMethods" name="search" time="0.006"/>
  <testcase classname="testNg.DependsonMethods" name="select" time="0.014"/>
  <testcase classname="testNg.DependsonMethods" name="addToCart" time="0.004"/>
  <testcase classname="testNg.DependsonMethods" name="payment" time="0.007"/>
  <testcase classname="testNg.DependsonMethods" name="logOut" time="0.015"/>
  <testcase classname="testNg.DataProvider" name="test" time="0.024"/>
  <testcase classname="testNg.DataProvider" name="test" time="0.026"/>
  <testcase classname="testNg.DataProvider" name="test" time="0.013"/>
  <testcase classname="testNg.Priority" name="bdemo" time="0.026"/>
  <testcase classname="testNg.Priority" name="idemo" time="0.012"/>
  <testcase classname="testNg.Priority" name="gdemo" time="0.01"/>
  <testcase classname="testNg.Test1" name="bdemo" time="0.016"/>
  <testcase classname="testNg.Test1" name="gdemo" time="0.015"/>
  <testcase classname="testNg.Test1" name="idemo" time="0.012"/>
  <testcase classname="testNg.InvocationCount" name="demoTest" time="0.012"/>
  <testcase classname="testNg.InvocationCount" name="demoTest" time="0.005"/>
  <testcase classname="testNg.InvocationCount" name="demoTest" time="0.005"/>
  <testcase classname="testNg.InvocationCount" name="demoTest" time="0.003"/>
  <testcase classname="testNg.InvocationCount" name="demoTest" time="0.006"/>
</testsuite> <!-- Test -->
